.\Debug\KBBar.ilk
.\Debug\KBBar.pdb
C:\DNSSECval\ToolBar2\.\Debug\KBBar.dll
C:\DNSSECval\ToolBar2\.\Debug\KBBar.dll.intermediate.manifest
c:\DNSSECval\ToolBar2\Debug\cl.command.1.tlog
c:\DNSSECval\ToolBar2\Debug\CL.read.1.tlog
c:\DNSSECval\ToolBar2\Debug\CL.write.1.tlog
C:\DNSSECVAL\TOOLBAR2\DEBUG\HYPERLINK.OBJ
C:\DNSSECVAL\TOOLBAR2\DEBUG\KBBAR.DLL
C:\DNSSECVAL\TOOLBAR2\DEBUG\KBBAR.DLL.EMBED.MANIFEST
C:\DNSSECVAL\TOOLBAR2\DEBUG\KBBAR.DLL.EMBED.MANIFEST.RES
C:\DNSSECVAL\TOOLBAR2\DEBUG\KBBAR.DLL.INTERMEDIATE.MANIFEST
C:\DNSSECval\ToolBar2\Debug\KBBar.exp
C:\DNSSECVAL\TOOLBAR2\DEBUG\KBBAR.ILK
C:\DNSSECval\ToolBar2\Debug\KBBar.lib
C:\DNSSECVAL\TOOLBAR2\DEBUG\KBBAR.OBJ
C:\DNSSECVAL\TOOLBAR2\DEBUG\KBBAR.PDB
C:\DNSSECVAL\TOOLBAR2\DEBUG\KBBAR.PCH
C:\DNSSECVAL\TOOLBAR2\DEBUG\KBBAR.RES
c:\DNSSECval\ToolBar2\Debug\KBBar.write.1.tlog
c:\DNSSECval\ToolBar2\Debug\KBBar_manifest.rc
C:\DNSSECVAL\TOOLBAR2\DEBUG\KBBARBAND.OBJ
C:\DNSSECVAL\TOOLBAR2\DEBUG\KBTOOLBARCTRL.OBJ
c:\DNSSECval\ToolBar2\Debug\link.command.1.tlog
c:\DNSSECval\ToolBar2\Debug\link.read.1.tlog
c:\DNSSECval\ToolBar2\Debug\link.write.1.tlog
c:\DNSSECval\ToolBar2\Debug\link-cvtres.read.1.tlog
c:\DNSSECval\ToolBar2\Debug\link-cvtres.write.1.tlog
c:\DNSSECval\ToolBar2\Debug\midl.command.1.tlog
c:\DNSSECval\ToolBar2\Debug\midl.read.1.tlog
c:\DNSSECval\ToolBar2\Debug\midl.write.1.tlog
c:\DNSSECval\ToolBar2\Debug\midl-midlc.read.1.tlog
c:\DNSSECval\ToolBar2\Debug\midl-midlc.write.1.tlog
c:\DNSSECval\ToolBar2\Debug\midl-midlc-cl.read.1.tlog
c:\DNSSECval\ToolBar2\Debug\mt.command.1.tlog
c:\DNSSECval\ToolBar2\Debug\mt.read.1.tlog
c:\DNSSECval\ToolBar2\Debug\mt.write.1.tlog
c:\DNSSECval\ToolBar2\Debug\rc.command.1.tlog
c:\DNSSECval\ToolBar2\Debug\rc.read.1.tlog
c:\DNSSECval\ToolBar2\Debug\rc.write.1.tlog
C:\DNSSECVAL\TOOLBAR2\DEBUG\STDAFX.OBJ
c:\DNSSECval\ToolBar2\Debug\vc100.idb
C:\DNSSECVAL\TOOLBAR2\DEBUG\VC100.PDB
C:\DNSSECVAL\TOOLBAR2\KBBAR.H
C:\DNSSECVAL\TOOLBAR2\KBBAR.TLB
C:\DNSSECVAL\TOOLBAR2\KBBAR_I.C
C:\DNSSECVAL\TOOLBAR2\KBBAR_P.C
