c:\DNSSECval\DNSSECToolBar\.\ReleaseMinSize\KBBar.dll
c:\DNSSECval\DNSSECToolBar\.\ReleaseMinSize\KBBar.dll.intermediate.manifest
C:\DNSSECVAL\DNSSECTOOLBAR\KBBAR.H
C:\DNSSECVAL\DNSSECTOOLBAR\KBBAR.TLB
C:\DNSSECVAL\DNSSECTOOLBAR\KBBAR_I.C
C:\DNSSECVAL\DNSSECTOOLBAR\KBBAR_P.C
c:\DNSSECval\DNSSECToolBar\ReleaseMinSize\cl.command.1.tlog
c:\DNSSECval\DNSSECToolBar\ReleaseMinSize\CL.read.1.tlog
c:\DNSSECval\DNSSECToolBar\ReleaseMinSize\CL.write.1.tlog
C:\DNSSECVAL\DNSSECTOOLBAR\RELEASEMINSIZE\HYPERLINK.OBJ
C:\DNSSECVAL\DNSSECTOOLBAR\RELEASEMINSIZE\KBBAR.DLL
C:\DNSSECVAL\DNSSECTOOLBAR\RELEASEMINSIZE\KBBAR.DLL.INTERMEDIATE.MANIFEST
c:\DNSSECval\DNSSECToolBar\ReleaseMinSize\KBBar.exp
c:\DNSSECval\DNSSECToolBar\ReleaseMinSize\KBBar.lib
C:\DNSSECVAL\DNSSECTOOLBAR\RELEASEMINSIZE\KBBAR.OBJ
C:\DNSSECVAL\DNSSECTOOLBAR\RELEASEMINSIZE\KBBAR.PCH
C:\DNSSECVAL\DNSSECTOOLBAR\RELEASEMINSIZE\KBBAR.RES
c:\DNSSECval\DNSSECToolBar\ReleaseMinSize\KBBar.write.1.tlog
C:\DNSSECVAL\DNSSECTOOLBAR\RELEASEMINSIZE\KBBARBAND.OBJ
C:\DNSSECVAL\DNSSECTOOLBAR\RELEASEMINSIZE\KBTOOLBARCTRL.OBJ
c:\DNSSECval\DNSSECToolBar\ReleaseMinSize\link.command.1.tlog
c:\DNSSECval\DNSSECToolBar\ReleaseMinSize\link.read.1.tlog
c:\DNSSECval\DNSSECToolBar\ReleaseMinSize\link.write.1.tlog
c:\DNSSECval\DNSSECToolBar\ReleaseMinSize\link-cvtres.read.1.tlog
c:\DNSSECval\DNSSECToolBar\ReleaseMinSize\link-cvtres.write.1.tlog
c:\DNSSECval\DNSSECToolBar\ReleaseMinSize\midl.command.1.tlog
c:\DNSSECval\DNSSECToolBar\ReleaseMinSize\midl.read.1.tlog
c:\DNSSECval\DNSSECToolBar\ReleaseMinSize\midl.write.1.tlog
c:\DNSSECval\DNSSECToolBar\ReleaseMinSize\midl-midlc.read.1.tlog
c:\DNSSECval\DNSSECToolBar\ReleaseMinSize\midl-midlc.write.1.tlog
c:\DNSSECval\DNSSECToolBar\ReleaseMinSize\midl-midlc-cl.read.1.tlog
c:\DNSSECval\DNSSECToolBar\ReleaseMinSize\mt.command.1.tlog
c:\DNSSECval\DNSSECToolBar\ReleaseMinSize\mt.read.1.tlog
c:\DNSSECval\DNSSECToolBar\ReleaseMinSize\mt.write.1.tlog
c:\DNSSECval\DNSSECToolBar\ReleaseMinSize\rc.command.1.tlog
c:\DNSSECval\DNSSECToolBar\ReleaseMinSize\rc.read.1.tlog
c:\DNSSECval\DNSSECToolBar\ReleaseMinSize\rc.write.1.tlog
c:\DNSSECval\DNSSECToolBar\ReleaseMinSize\regsvr32.trg
C:\DNSSECVAL\DNSSECTOOLBAR\RELEASEMINSIZE\STDAFX.OBJ
C:\DNSSECVAL\DNSSECTOOLBAR\RELEASEMINSIZE\VC100.PDB
